<?xml version="1.0" encoding="UTF-8"?>
<testsuite xmlns:xsi="http://www.w3.org/2001/XMLSchema-instance" xsi:noNamespaceSchemaLocation="https://maven.apache.org/surefire/maven-surefire-plugin/xsd/surefire-test-report-3.0.xsd" version="3.0" name="com.example.controller.UserControllerTest" time="3.279" tests="4" errors="0" skipped="0" failures="0">
  <properties>
[...]
</properties>
  <testcase name="getAllUsers_ShouldReturnList" classname="com.example.controller.UserControllerTest" time="0.255">
    <system-out><![CDATA[18:02:37.174 [main] INFO org.springframework.test.context.support.AnnotationConfigContextLoaderUtils -- Could not detect default configuration classes for test class [com.example.controller.UserControllerTest]: UserControllerTest does not declare any static, non-private, non-final, nested classes annotated with @Configuration.
18:02:37.335 [main] INFO org.springframework.boot.test.context.SpringBootTestContextBootstrapper -- Found @SpringBootConfiguration com.example.Main for test class com.example.controller.UserControllerTest

  .   ____          _            __ _ _
 /\\ / ___'_ __ _ _(_)_ __  __ _ \ \ \ \
( ( )\___ | '_ | '_| | '_ \/ _` | \ \ \ \
 \\/  ___)| |_)| | | | | || (_| |  ) ) ) )
  '  |____| .__|_| |_|_| |_\__, | / / / /
 =========|_|==============|___/=/_/_/_/
 :: Spring Boot ::                (v3.2.5)

2026-03-29T18:02:37.805+03:00  INFO 19152 --- [           main] c.example.controller.UserControllerTest  : Starting UserControllerTest using Java 17.0.18 with PID 19152 (started by User in E:\asdasdsa\springBoot)
2026-03-29T18:02:37.807+03:00  INFO 19152 --- [           main] c.example.controller.UserControllerTest  : No active profile set, falling back to 1 default profile: "default"
2026-03-29T18:02:39.879+03:00  INFO 19152 --- [           main] o.s.b.t.m.w.SpringBootMockServletContext : Initializing Spring TestDispatcherServlet ''
2026-03-29T18:02:39.879+03:00  INFO 19152 --- [           main] o.s.t.web.servlet.TestDispatcherServlet  : Initializing Servlet ''
2026-03-29T18:02:39.883+03:00  INFO 19152 --- [           main] o.s.t.web.servlet.TestDispatcherServlet  : Completed initialization in 1 ms
2026-03-29T18:02:39.912+03:00  INFO 19152 --- [           main] c.example.controller.UserControllerTest  : Started UserControllerTest in 2.486 seconds (process running for 3.524)
]]></system-out>
  </testcase>
  <testcase name="createUser_ShouldReturnCreatedUser" classname="com.example.controller.UserControllerTest" time="0.054"/>
  <testcase name="deleteUser_ShouldReturnOk" classname="com.example.controller.UserControllerTest" time="0.01"/>
  <testcase name="getById_ShouldReturnUser" classname="com.example.controller.UserControllerTest" time="0.006"/>
</testsuite>